2017-04-12 16:23:20.375778 Dotweb:Router:RegisterRoute success [GET] [/index]
2017-04-12 16:23:20.375949 Dotweb:Router:RegisterRoute success [GET] [/dotweb/debug/pprof/:key]
2017-04-12 16:23:20.376096 Dotweb:Router:RegisterRoute success [GET] [/dotweb/debug/freemem]
2017-04-12 16:23:20.376163 Dotweb:Router:RegisterRoute success [GET] [/dotweb/state]
2017-04-12 16:23:20.37622 Dotweb:Router:RegisterRoute success [GET] [/dotweb/query/:key]
2017-04-12 16:23:20.376275 Dotweb:StartServer[:3000] begin
2017-04-12 16:39:55.260429 Dotweb:Router:RegisterRoute success [GET] [/index]
2017-04-12 16:39:55.260767 Dotweb:Router:RegisterRoute success [GET] [/dotweb/debug/pprof/:key]
2017-04-12 16:39:55.260841 Dotweb:Router:RegisterRoute success [GET] [/dotweb/debug/freemem]
2017-04-12 16:39:55.261006 Dotweb:Router:RegisterRoute success [GET] [/dotweb/state]
2017-04-12 16:39:55.261095 Dotweb:Router:RegisterRoute success [GET] [/dotweb/query/:key]
2017-04-12 16:39:55.261193 Dotweb:StartServer[:3000] begin
2017-04-12 16:53:06.290404 Dotweb:Router:RegisterRoute success [GET] [/index]
2017-04-12 16:53:06.290744 Dotweb:Router:RegisterRoute success [GET] [/dotweb/debug/pprof/:key]
2017-04-12 16:53:06.290824 Dotweb:Router:RegisterRoute success [GET] [/dotweb/debug/freemem]
2017-04-12 16:53:06.290931 Dotweb:Router:RegisterRoute success [GET] [/dotweb/state]
2017-04-12 16:53:06.290993 Dotweb:Router:RegisterRoute success [GET] [/dotweb/query/:key]
2017-04-12 16:53:06.291082 Dotweb:StartServer[:3000] begin
2017-04-12 16:56:53.387017 Dotweb:Router:RegisterRoute success [GET] [/index]
2017-04-12 16:56:53.387317 Dotweb:Router:RegisterRoute success [GET] [/dotweb/debug/pprof/:key]
2017-04-12 16:56:53.387416 Dotweb:Router:RegisterRoute success [GET] [/dotweb/debug/freemem]
2017-04-12 16:56:53.387606 Dotweb:Router:RegisterRoute success [GET] [/dotweb/state]
2017-04-12 16:56:53.387678 Dotweb:Router:RegisterRoute success [GET] [/dotweb/query/:key]
2017-04-12 16:56:53.38779 Dotweb:StartServer[:3000] begin
2017-04-12 17:00:09.319614 Dotweb:Router:RegisterRoute success [GET] [/index]
2017-04-12 17:00:09.319887 Dotweb:Router:RegisterRoute success [GET] [/dotweb/debug/pprof/:key]
2017-04-12 17:00:09.319999 Dotweb:Router:RegisterRoute success [GET] [/dotweb/debug/freemem]
2017-04-12 17:00:09.320104 Dotweb:Router:RegisterRoute success [GET] [/dotweb/state]
2017-04-12 17:00:09.320192 Dotweb:Router:RegisterRoute success [GET] [/dotweb/query/:key]
2017-04-12 17:00:09.321427 Dotweb:StartServer[:3000] begin
2017-04-12 17:00:39.254104 Dotweb:Router:RegisterRoute success [GET] [/index]
2017-04-12 17:00:39.254413 Dotweb:Router:RegisterRoute success [GET] [/dotweb/debug/pprof/:key]
2017-04-12 17:00:39.254563 Dotweb:Router:RegisterRoute success [GET] [/dotweb/debug/freemem]
2017-04-12 17:00:39.254673 Dotweb:Router:RegisterRoute success [GET] [/dotweb/state]
2017-04-12 17:00:39.254754 Dotweb:Router:RegisterRoute success [GET] [/dotweb/query/:key]
2017-04-12 17:00:39.254844 Dotweb:StartServer[:3000] begin
2017-04-12 17:05:52.841896 Dotweb:Router:RegisterRoute success [GET] [/index]
2017-04-12 17:05:52.842108 Dotweb:Router:RegisterRoute success [GET] [/dotweb/debug/pprof/:key]
2017-04-12 17:05:52.842163 Dotweb:Router:RegisterRoute success [GET] [/dotweb/debug/freemem]
2017-04-12 17:05:52.842269 Dotweb:Router:RegisterRoute success [GET] [/dotweb/state]
2017-04-12 17:05:52.842374 Dotweb:Router:RegisterRoute success [GET] [/dotweb/query/:key]
2017-04-12 17:05:52.842464 Dotweb:StartServer[:3000] begin
2017-04-12 17:08:29.10292 Dotweb:Router:RegisterRoute success [GET] [/index]
2017-04-12 17:08:29.103233 Dotweb:Router:RegisterRoute success [GET] [/dotweb/debug/pprof/:key]
2017-04-12 17:08:29.103322 Dotweb:Router:RegisterRoute success [GET] [/dotweb/debug/freemem]
2017-04-12 17:08:29.103445 Dotweb:Router:RegisterRoute success [GET] [/dotweb/state]
2017-04-12 17:08:29.103569 Dotweb:Router:RegisterRoute success [GET] [/dotweb/query/:key]
2017-04-12 17:08:29.10368 Dotweb:StartServer[:3000] begin
2017-04-12 17:13:02.376841 Dotweb:Router:RegisterRoute success [GET] [/index]
2017-04-12 17:13:02.3774 Dotweb:Router:RegisterRoute success [GET] [/dotweb/debug/pprof/:key]
2017-04-12 17:13:02.3775 Dotweb:Router:RegisterRoute success [GET] [/dotweb/debug/freemem]
2017-04-12 17:13:02.377586 Dotweb:Router:RegisterRoute success [GET] [/dotweb/state]
2017-04-12 17:13:02.377736 Dotweb:Router:RegisterRoute success [GET] [/dotweb/query/:key]
2017-04-12 17:13:02.377851 Dotweb:StartServer[:3000] begin
2017-04-12 17:13:19.044202 Dotweb:Router:RegisterRoute success [GET] [/index]
2017-04-12 17:13:19.044509 Dotweb:Router:RegisterRoute success [GET] [/dotweb/debug/pprof/:key]
2017-04-12 17:13:19.04463 Dotweb:Router:RegisterRoute success [GET] [/dotweb/debug/freemem]
2017-04-12 17:13:19.044752 Dotweb:Router:RegisterRoute success [GET] [/dotweb/state]
2017-04-12 17:13:19.044849 Dotweb:Router:RegisterRoute success [GET] [/dotweb/query/:key]
2017-04-12 17:13:19.044933 Dotweb:StartServer[:3000] begin
2017-04-12 17:13:48.747528 Dotweb:Router:RegisterRoute success [GET] [/index]
2017-04-12 17:13:48.747822 Dotweb:Router:RegisterRoute success [GET] [/dotweb/debug/pprof/:key]
2017-04-12 17:13:48.747941 Dotweb:Router:RegisterRoute success [GET] [/dotweb/debug/freemem]
2017-04-12 17:13:48.748036 Dotweb:Router:RegisterRoute success [GET] [/dotweb/state]
2017-04-12 17:13:48.748149 Dotweb:Router:RegisterRoute success [GET] [/dotweb/query/:key]
2017-04-12 17:13:48.748272 Dotweb:StartServer[:3000] begin
2017-04-12 17:14:09.460199 Dotweb:Router:RegisterRoute success [GET] [/index]
2017-04-12 17:14:09.460451 Dotweb:Router:RegisterRoute success [GET] [/dotweb/debug/pprof/:key]
2017-04-12 17:14:09.460567 Dotweb:Router:RegisterRoute success [GET] [/dotweb/debug/freemem]
2017-04-12 17:14:09.460689 Dotweb:Router:RegisterRoute success [GET] [/dotweb/state]
2017-04-12 17:14:09.460814 Dotweb:Router:RegisterRoute success [GET] [/dotweb/query/:key]
2017-04-12 17:14:09.460959 Dotweb:StartServer[:3000] begin
2017-04-12 17:27:07.700496 Dotweb:Router:RegisterRoute success [GET] [/index]
2017-04-12 17:27:07.700895 Dotweb:Router:RegisterRoute success [GET] [/dotweb/debug/pprof/:key]
2017-04-12 17:27:07.701039 Dotweb:Router:RegisterRoute success [GET] [/dotweb/debug/freemem]
2017-04-12 17:27:07.701289 Dotweb:Router:RegisterRoute success [GET] [/dotweb/state]
2017-04-12 17:27:07.701351 Dotweb:Router:RegisterRoute success [GET] [/dotweb/query/:key]
2017-04-12 17:27:07.701463 Dotweb:StartServer[:3000] begin
2017-04-12 17:32:28.062733 Dotweb:Router:RegisterRoute success [GET] [/index]
2017-04-12 17:32:28.063059 Dotweb:Router:RegisterRoute success [GET] [/dotweb/debug/pprof/:key]
2017-04-12 17:32:28.063141 Dotweb:Router:RegisterRoute success [GET] [/dotweb/debug/freemem]
2017-04-12 17:32:28.063221 Dotweb:Router:RegisterRoute success [GET] [/dotweb/state]
2017-04-12 17:32:28.063299 Dotweb:Router:RegisterRoute success [GET] [/dotweb/query/:key]
2017-04-12 17:32:28.063376 Dotweb:StartServer[:3000] begin
2017-04-12 17:38:48.715655 Dotweb:Router:RegisterRoute success [GET] [/index]
2017-04-12 17:38:48.715864 Dotweb:Router:RegisterRoute success [GET] [/dotweb/debug/pprof/:key]
2017-04-12 17:38:48.715909 Dotweb:Router:RegisterRoute success [GET] [/dotweb/debug/freemem]
2017-04-12 17:38:48.715979 Dotweb:Router:RegisterRoute success [GET] [/dotweb/state]
2017-04-12 17:38:48.716051 Dotweb:Router:RegisterRoute success [GET] [/dotweb/query/:key]
2017-04-12 17:38:48.716115 Dotweb:StartServer[:3000] begin
2017-04-12 17:40:12.417145 Dotweb:Router:RegisterRoute success [GET] [/index]
2017-04-12 17:40:12.417384 Dotweb:Router:RegisterRoute success [GET] [/dotweb/debug/pprof/:key]
2017-04-12 17:40:12.417549 Dotweb:Router:RegisterRoute success [GET] [/dotweb/debug/freemem]
2017-04-12 17:40:12.417591 Dotweb:Router:RegisterRoute success [GET] [/dotweb/state]
2017-04-12 17:40:12.417708 Dotweb:Router:RegisterRoute success [GET] [/dotweb/query/:key]
2017-04-12 17:40:12.417819 Dotweb:StartServer[:3000] begin
2017-04-12 18:22:40.087561 Dotweb:Router:RegisterRoute success [GET] [/index]
2017-04-12 18:22:40.087826 Dotweb:Router:RegisterRoute success [GET] [/dotweb/debug/pprof/:key]
2017-04-12 18:22:40.088073 Dotweb:Router:RegisterRoute success [GET] [/dotweb/debug/freemem]
2017-04-12 18:22:40.08818 Dotweb:Router:RegisterRoute success [GET] [/dotweb/state]
2017-04-12 18:22:40.088316 Dotweb:Router:RegisterRoute success [GET] [/dotweb/query/:key]
2017-04-12 18:22:40.08848 Dotweb:StartServer[:3000] begin
2017-04-12 18:23:46.601647 Dotweb:Router:RegisterRoute success [GET] [/index]
2017-04-12 18:23:46.601931 Dotweb:Router:RegisterRoute success [GET] [/dotweb/debug/pprof/:key]
2017-04-12 18:23:46.602052 Dotweb:Router:RegisterRoute success [GET] [/dotweb/debug/freemem]
2017-04-12 18:23:46.602122 Dotweb:Router:RegisterRoute success [GET] [/dotweb/state]
2017-04-12 18:23:46.602184 Dotweb:Router:RegisterRoute success [GET] [/dotweb/query/:key]
2017-04-12 18:23:46.602243 Dotweb:StartServer[:3000] begin
2017-04-12 18:29:53.350888 Dotweb:Router:RegisterRoute success [GET] [/index]
2017-04-12 18:29:53.351214 Dotweb:Router:RegisterRoute success [GET] [/dotweb/debug/pprof/:key]
2017-04-12 18:29:53.35135 Dotweb:Router:RegisterRoute success [GET] [/dotweb/debug/freemem]
2017-04-12 18:29:53.351415 Dotweb:Router:RegisterRoute success [GET] [/dotweb/state]
2017-04-12 18:29:53.351516 Dotweb:Router:RegisterRoute success [GET] [/dotweb/query/:key]
2017-04-12 18:29:53.351603 Dotweb:StartServer[:3000] begin
2017-04-12 18:30:22.804221 Dotweb:Router:RegisterRoute success [GET] [/index]
2017-04-12 18:30:22.805362 Dotweb:Router:RegisterRoute success [GET] [/dotweb/debug/pprof/:key]
2017-04-12 18:30:22.805459 Dotweb:Router:RegisterRoute success [GET] [/dotweb/debug/freemem]
2017-04-12 18:30:22.805595 Dotweb:Router:RegisterRoute success [GET] [/dotweb/state]
2017-04-12 18:30:22.805655 Dotweb:Router:RegisterRoute success [GET] [/dotweb/query/:key]
2017-04-12 18:30:22.805738 Dotweb:StartServer[:3000] begin
2017-04-12 18:31:38.933024 Dotweb:Router:RegisterRoute success [GET] [/index]
2017-04-12 18:31:38.933332 Dotweb:Router:RegisterRoute success [GET] [/dotweb/debug/pprof/:key]
2017-04-12 18:31:38.933433 Dotweb:Router:RegisterRoute success [GET] [/dotweb/debug/freemem]
2017-04-12 18:31:38.933506 Dotweb:Router:RegisterRoute success [GET] [/dotweb/state]
2017-04-12 18:31:38.933607 Dotweb:Router:RegisterRoute success [GET] [/dotweb/query/:key]
2017-04-12 18:31:38.933672 Dotweb:StartServer[:3000] begin
2017-04-12 18:32:06.373096 Dotweb:Router:RegisterRoute success [GET] [/index]
2017-04-12 18:32:06.373407 Dotweb:Router:RegisterRoute success [GET] [/dotweb/debug/pprof/:key]
2017-04-12 18:32:06.373797 Dotweb:Router:RegisterRoute success [GET] [/dotweb/debug/freemem]
2017-04-12 18:32:06.374016 Dotweb:Router:RegisterRoute success [GET] [/dotweb/state]
2017-04-12 18:32:06.374112 Dotweb:Router:RegisterRoute success [GET] [/dotweb/query/:key]
2017-04-12 18:32:06.37415 Dotweb:StartServer[:3000] begin
