2017-04-12 16:22:15.611322 /index GET [ HTTP/1.1 200 0 0 12
2017-04-12 16:22:36.067188 /index GET [ HTTP/1.1 200 0 0 0
2017-04-12 16:22:37.28183 /index GET [ HTTP/1.1 200 0 0 1
2017-04-12 16:22:37.895115 /index GET [ HTTP/1.1 200 0 0 0
2017-04-12 16:22:38.395097 /index GET [ HTTP/1.1 200 0 0 0
2017-04-12 16:22:38.624444 /index GET [ HTTP/1.1 200 0 0 0
2017-04-12 16:22:38.859533 /index GET [ HTTP/1.1 200 0 0 0
2017-04-12 16:22:39.246906 /index GET [ HTTP/1.1 200 0 0 0
2017-04-12 16:22:39.570546 /index GET [ HTTP/1.1 200 0 0 0
2017-04-12 16:22:44.181214 /index GET [ HTTP/1.1 200 0 0 0
2017-04-12 16:22:44.746708 /index GET [ HTTP/1.1 200 0 0 0
2017-04-12 16:22:45.078542 /index GET [ HTTP/1.1 200 0 0 0
2017-04-12 16:22:45.515617 /index GET [ HTTP/1.1 200 0 0 1
2017-04-12 16:22:45.733448 /index GET [ HTTP/1.1 200 0 0 2
2017-04-12 16:22:46.105176 /index GET [ HTTP/1.1 200 0 0 1
2017-04-12 16:23:21.847915 /index GET [ HTTP/1.1 200 0 0 0
2017-04-12 16:23:23.443375 /index GET [ HTTP/1.1 200 0 0 0
2017-04-12 16:23:54.182183 /index GET [ HTTP/1.1 200 0 0 0
2017-04-12 16:24:12.952002 /index GET [ HTTP/1.1 200 0 0 1
2017-04-12 16:24:32.442604 /index GET [ HTTP/1.1 200 0 0 0
2017-04-12 16:25:06.934184 /index GET [ HTTP/1.1 200 0 0 1
2017-04-12 16:25:16.237914 /index GET [ HTTP/1.1 200 0 0 0
2017-04-12 16:25:24.706939 /index GET [ HTTP/1.1 200 0 0 0
2017-04-12 16:26:05.321098 /index GET [ HTTP/1.1 200 0 0 1
2017-04-12 16:26:07.851846 /index GET [ HTTP/1.1 200 0 0 0
2017-04-12 16:32:55.793221 /index GET [ HTTP/1.1 200 0 0 0
2017-04-12 16:32:57.688663 /index GET [ HTTP/1.1 200 0 0 0
2017-04-12 16:32:59.59305 /index GET [ HTTP/1.1 200 0 0 1
2017-04-12 16:34:01.784367 /index GET [ HTTP/1.1 200 0 0 2
2017-04-12 16:34:02.960823 /index GET [ HTTP/1.1 200 0 0 0
2017-04-12 16:34:10.514576 /index GET [ HTTP/1.1 200 0 0 0
2017-04-12 16:34:11.403422 /index GET [ HTTP/1.1 200 0 0 0
2017-04-12 16:34:11.711185 /index GET [ HTTP/1.1 200 0 0 0
2017-04-12 16:34:11.974347 /index GET [ HTTP/1.1 200 0 0 0
2017-04-12 16:34:13.550511 /index GET [ HTTP/1.1 200 0 0 0
2017-04-12 16:35:55.013908 /index GET [ HTTP/1.1 200 0 0 0
2017-04-12 16:36:01.608615 /index GET [ HTTP/1.1 200 0 0 1
2017-04-12 16:39:42.668457 /index GET [ HTTP/1.1 200 0 0 0
2017-04-12 16:39:55.35 /index GET [ HTTP/1.1 200 0 0 1
2017-04-12 16:53:10.139442 /index GET [ HTTP/1.1 200 0 0 1
2017-04-12 16:53:10.169983 /css/search-form.css GET [::1]:52596 HTTP/1.1 200 0  0
2017-04-12 16:54:54.322187 /index GET [ HTTP/1.1 200 0 0 0
2017-04-12 16:54:54.387089 /%2Afilepath/css/search-form.css GET [::1]:52609 HTTP/1.1 200 0  0
2017-04-12 16:56:55.325598 /index GET [ HTTP/1.1 200 0 0 3
2017-04-12 16:56:55.384133 /%2Afilepath/css/search-form.css GET [::1]:52628 HTTP/1.1 200 0  0
2017-04-12 16:57:07.357523 /index GET [ HTTP/1.1 200 0 0 0
2017-04-12 16:57:07.468865 /css/search-form.css GET [::1]:52628 HTTP/1.1 200 0  67
2017-04-12 16:57:07.626884 /img/image.jpg GET [::1]:52628 HTTP/1.1 200 0  11
2017-04-12 16:58:15.544011 /index GET [ HTTP/1.1 200 0 0 2
2017-04-12 16:58:15.582255 /css/search-form.css GET [::1]:52628 HTTP/1.1 200 0  0
2017-04-12 16:58:15.924782 /img/image.jpg GET [::1]:52628 HTTP/1.1 200 0  5
2017-04-12 16:58:17.182268 /index GET [ HTTP/1.1 200 0 0 0
2017-04-12 16:58:17.238711 /css/search-form.css GET [::1]:52628 HTTP/1.1 200 0  0
2017-04-12 16:58:17.476714 /img/image.jpg GET [::1]:52628 HTTP/1.1 200 0  6
2017-04-12 17:00:09.51667 /index GET [ HTTP/1.1 200 0 0 0
2017-04-12 17:00:09.632189 /css/search-form.css GET [::1]:52662 HTTP/1.1 200 0  0
2017-04-12 17:00:39.593817 /index GET [ HTTP/1.1 200 0 0 1
2017-04-12 17:00:39.629006 /css/search-form.css GET [::1]:52674 HTTP/1.1 200 0  0
2017-04-12 17:05:57.706848 /index GET [ HTTP/1.1 200 0 0 2
2017-04-12 17:05:57.766628 /css/search-form.css GET [::1]:52765 HTTP/1.1 200 0  0
2017-04-12 17:05:59.486767 /index GET [ HTTP/1.1 200 0 0 0
2017-04-12 17:05:59.561285 /css/search-form.css GET [::1]:52765 HTTP/1.1 200 0  0
2017-04-12 17:06:00.558382 /index GET [ HTTP/1.1 200 0 0 0
2017-04-12 17:06:00.583361 /css/search-form.css GET [::1]:52765 HTTP/1.1 200 0  0
2017-04-12 17:06:01.300496 /index GET [ HTTP/1.1 200 0 0 0
2017-04-12 17:06:01.319561 /css/search-form.css GET [::1]:52765 HTTP/1.1 200 0  0
2017-04-12 17:06:01.969112 /index GET [ HTTP/1.1 200 0 0 0
2017-04-12 17:06:01.984827 /css/search-form.css GET [::1]:52765 HTTP/1.1 200 0  0
2017-04-12 17:08:05.438489 / GET [::1]:52765 HTTP/1.1 200 0  0
2017-04-12 17:08:08.516152 /%2A GET [::1]:52765 HTTP/1.1 200 0  0
2017-04-12 17:08:33.683507 /%2A GET [::1]:52836 HTTP/1.1 200 0  0
2017-04-12 17:08:40.672901 /%2A GET [::1]:52836 HTTP/1.1 200 0  0
2017-04-12 17:08:43.032255 / GET [::1]:52836 HTTP/1.1 200 0  7
2017-04-12 17:08:43.05134 /css/search-form.css GET [::1]:52836 HTTP/1.1 200 0  5
2017-04-12 17:09:07.063634 /index GET [ HTTP/1.1 200 0 0 2
2017-04-12 17:13:05.25816 /index GET [ HTTP/1.1 200 0 0 1
2017-04-12 17:13:06.476032 /index GET [ HTTP/1.1 200 0 0 0
2017-04-12 17:13:07.551185 /index GET [ HTTP/1.1 200 0 0 0
2017-04-12 17:13:20.45946 /index GET [ HTTP/1.1 200 0 0 0
2017-04-12 17:13:20.844885 /index GET [ HTTP/1.1 200 0 0 0
2017-04-12 17:13:21.980063 /index GET [ HTTP/1.1 200 0 0 0
2017-04-12 17:13:23.319196 /index GET [ HTTP/1.1 200 0 0 0
2017-04-12 17:13:24.316595 /index GET [ HTTP/1.1 200 0 0 0
2017-04-12 17:13:51.539444 /index GET [ HTTP/1.1 200 0 0 1
2017-04-12 17:13:51.56403 /css/search-form.css GET [::1]:52928 HTTP/1.1 200 0  0
2017-04-12 17:14:10.987057 /index GET [ HTTP/1.1 200 0 0 1
2017-04-12 17:14:11.011574 /css/search-form.css GET [::1]:52947 HTTP/1.1 200 0  0
2017-04-12 17:14:12.648484 /index GET [ HTTP/1.1 200 0 0 0
2017-04-12 17:14:12.67452 /css/search-form.css GET [::1]:52947 HTTP/1.1 200 0  0
2017-04-12 17:27:08.042996 /index GET [ HTTP/1.1 200 0 0 8
2017-04-12 17:27:08.07978 /css/search-form.css GET [::1]:53136 HTTP/1.1 200 0  0
2017-04-12 17:27:10.184321 /index GET [ HTTP/1.1 200 0 0 0
2017-04-12 17:27:10.223022 /css/search-form.css GET [::1]:53136 HTTP/1.1 200 0  0
2017-04-12 17:32:33.418642 /index GET [ HTTP/1.1 200 0 0 3
2017-04-12 17:32:33.468998 /css/search-form.css GET [::1]:53195 HTTP/1.1 200 0  0
2017-04-12 17:32:37.564918 /index GET [ HTTP/1.1 200 0 0 0
2017-04-12 17:32:37.607671 /css/search-form.css GET [::1]:53195 HTTP/1.1 200 0  0
2017-04-12 17:37:17.119498 /index GET [ HTTP/1.1 200 0 0 2
2017-04-12 17:37:17.240566 /css/search-form.css GET [::1]:53195 HTTP/1.1 200 0  0
2017-04-12 17:37:22.15401 /index GET [ HTTP/1.1 200 0 0 0
2017-04-12 17:37:22.210141 /css/search-form.css GET [::1]:53195 HTTP/1.1 200 0  0
2017-04-12 18:22:44.285305 / GET [::1]:54079 HTTP/1.1 200 0  0
2017-04-12 18:22:45.349387 / GET [::1]:54079 HTTP/1.1 200 0  0
2017-04-12 18:22:45.8143 / GET [::1]:54079 HTTP/1.1 200 0  0
2017-04-12 18:22:46.2273 / GET [::1]:54079 HTTP/1.1 200 0  0
2017-04-12 18:22:46.686834 / GET [::1]:54079 HTTP/1.1 200 0  0
2017-04-12 18:22:47.670611 / GET [::1]:54079 HTTP/1.1 200 0  0
2017-04-12 18:23:11.749635 /index GET [ HTTP/1.1 500 0 458 4
2017-04-12 18:23:34.935202 /index GET [ HTTP/1.1 500 0 458 1
2017-04-12 18:23:48.82864 /index GET [ HTTP/1.1 200 0 0 1
2017-04-12 18:23:48.894146 /css/search-form.css GET [::1]:54097 HTTP/1.1 200 0  9
2017-04-12 18:23:49.106358 /img/image.jpg GET [::1]:54097 HTTP/1.1 200 0  6
2017-04-12 18:24:34.438119 /index GET [ HTTP/1.1 200 0 0 1
2017-04-12 18:24:37.251363 /index GET [ HTTP/1.1 200 0 0 0
2017-04-12 18:24:37.273571 /css/search-form.css GET [::1]:54097 HTTP/1.1 200 0  1
2017-04-12 18:24:38.941104 /index GET [ HTTP/1.1 200 0 0 0
2017-04-12 18:24:38.984222 /css/search-form.css GET [::1]:54097 HTTP/1.1 200 0  0
2017-04-12 18:24:39.865847 /index GET [ HTTP/1.1 200 0 0 0
2017-04-12 18:24:39.885549 /css/search-form.css GET [::1]:54097 HTTP/1.1 200 0  0
2017-04-12 18:24:40.442082 /index GET [ HTTP/1.1 200 0 0 0
2017-04-12 18:24:40.591065 /index GET [ HTTP/1.1 200 0 0 0
2017-04-12 18:24:40.607516 /css/search-form.css GET [::1]:54097 HTTP/1.1 200 0  0
2017-04-12 18:24:45.510828 /css/search-form.css GET [::1]:54097 HTTP/1.1 200 0  0
2017-04-12 18:24:52.597365 /index GET [ HTTP/1.1 200 0 0 0
2017-04-12 18:24:52.63917 /css/search-form.css GET [::1]:54097 HTTP/1.1 200 0  0
2017-04-12 18:25:33.367154 /index GET [ HTTP/1.1 200 0 0 1
2017-04-12 18:25:33.394337 /css/search-form.css GET [::1]:54097 HTTP/1.1 200 0  1
2017-04-12 18:25:33.585785 /img/image.jpg GET [::1]:54097 HTTP/1.1 200 0  3
2017-04-12 18:27:03.929441 /index GET [ HTTP/1.1 200 0 0 2
2017-04-12 18:27:05.715716 /index GET [ HTTP/1.1 200 0 0 0
2017-04-12 18:27:06.266658 /index GET [ HTTP/1.1 200 0 0 0
2017-04-12 18:27:06.435789 /index GET [ HTTP/1.1 200 0 0 0
2017-04-12 18:27:38.658961 /index GET [ HTTP/1.1 200 0 0 0
2017-04-12 18:27:38.844546 /index GET [ HTTP/1.1 200 0 0 0
2017-04-12 18:27:39.122511 /index GET [ HTTP/1.1 200 0 0 0
2017-04-12 18:27:40.54113 /index GET [ HTTP/1.1 200 0 0 0
2017-04-12 18:27:41.13206 /index GET [ HTTP/1.1 200 0 0 0
2017-04-12 18:27:41.392171 /index GET [ HTTP/1.1 200 0 0 0
2017-04-12 18:28:37.068435 /index GET [ HTTP/1.1 200 0 0 1
2017-04-12 18:28:38.788647 /index GET [ HTTP/1.1 200 0 0 0
2017-04-12 18:28:39.390249 /index GET [ HTTP/1.1 200 0 0 0
2017-04-12 18:29:15.672483 /index GET [ HTTP/1.1 200 0 0 1
2017-04-12 18:29:16.173198 /index GET [ HTTP/1.1 200 0 0 0
2017-04-12 18:29:16.287327 /index GET [ HTTP/1.1 200 0 0 0
2017-04-12 18:29:17.475054 /index GET [ HTTP/1.1 200 0 0 0
2017-04-12 18:29:57.658458 /index GET [ HTTP/1.1 500 0 432 0
2017-04-12 18:30:00.435578 /index GET [ HTTP/1.1 500 0 432 0
2017-04-12 18:30:13.726751 /index GET [ HTTP/1.1 500 0 432 0
2017-04-12 18:30:26.034741 /index GET [ HTTP/1.1 200 0 0 1
2017-04-12 18:30:26.085192 /css/search-form.css GET [::1]:54169 HTTP/1.1 200 0  15
2017-04-12 18:30:26.283906 /img/image.jpg GET [::1]:54169 HTTP/1.1 200 0  8
2017-04-12 18:30:43.481911 /index GET [ HTTP/1.1 200 0 0 4
2017-04-12 18:30:43.515471 /css/search-form.css GET [::1]:54169 HTTP/1.1 200 0  1
2017-04-12 18:30:43.750214 /img/image.jpg GET [::1]:54169 HTTP/1.1 200 0  16
2017-04-12 18:30:44.907239 /index GET [ HTTP/1.1 200 0 0 0
2017-04-12 18:30:44.976337 /css/search-form.css GET [::1]:54169 HTTP/1.1 200 0  0
2017-04-12 18:30:45.117877 /img/image.jpg GET [::1]:54169 HTTP/1.1 200 0  3
2017-04-12 18:30:45.604072 /index GET [ HTTP/1.1 200 0 0 0
2017-04-12 18:30:45.710655 /css/search-form.css GET [::1]:54169 HTTP/1.1 200 0  0
2017-04-12 18:30:45.904707 /img/image.jpg GET [::1]:54169 HTTP/1.1 200 0  11
2017-04-12 18:30:48.645694 /index GET [ HTTP/1.1 200 0 0 0
2017-04-12 18:30:48.682432 /css/search-form.css GET [::1]:54169 HTTP/1.1 200 0  0
2017-04-12 18:30:48.915244 /img/image.jpg GET [::1]:54169 HTTP/1.1 200 0  7
2017-04-12 18:30:50.84688 /index GET [ HTTP/1.1 200 0 0 0
2017-04-12 18:30:50.971604 /css/search-form.css GET [::1]:54169 HTTP/1.1 200 0  4
2017-04-12 18:30:51.200934 /img/image.jpg GET [::1]:54169 HTTP/1.1 200 0  5
2017-04-12 18:31:06.840083 /css/search-form.css GET [::1]:54183 HTTP/1.1 200 0  1
2017-04-12 18:31:43.024849 /index GET [ HTTP/1.1 200 0 0 1
2017-04-12 18:31:43.112344 /css/search-form.css GET [::1]:54268 HTTP/1.1 200 0  20
2017-04-12 18:31:43.555682 /img/image.jpg GET [::1]:54268 HTTP/1.1 200 0  7
2017-04-12 18:31:45.366448 /index GET [ HTTP/1.1 200 0 0 0
2017-04-12 18:31:45.450851 /css/search-form.css GET [::1]:54268 HTTP/1.1 200 0  2
2017-04-12 18:31:45.623293 /img/image.jpg GET [::1]:54268 HTTP/1.1 200 0  5
2017-04-12 18:31:45.764958 /index GET [ HTTP/1.1 200 0 0 2
2017-04-12 18:31:45.958653 /index GET [ HTTP/1.1 200 0 0 0
2017-04-12 18:31:46.141262 /css/search-form.css GET [::1]:54268 HTTP/1.1 200 0  0
2017-04-12 18:31:46.288022 /img/image.jpg GET [::1]:54268 HTTP/1.1 200 0  3
2017-04-12 18:32:10.391332 /index GET [ HTTP/1.1 200 0 0 1
2017-04-12 18:32:10.431392 /css/search-form.css GET [::1]:54301 HTTP/1.1 200 0  13
2017-04-12 18:32:10.635273 /img/image.jpg GET [::1]:54301 HTTP/1.1 200 0  4
2017-04-12 18:34:21.248797 /index GET [ HTTP/1.1 200 0 0 0
2017-04-12 18:34:21.315302 /css/search-form.css GET [::1]:54301 HTTP/1.1 200 0  2
2017-04-12 18:34:21.621734 /img/image.jpg GET [::1]:54301 HTTP/1.1 200 0  4
2017-04-12 18:34:21.741166 /index GET [ HTTP/1.1 200 0 0 0
2017-04-12 18:34:21.849881 /index GET [ HTTP/1.1 200 0 0 0
2017-04-12 18:34:22.051238 /css/search-form.css GET [::1]:54301 HTTP/1.1 200 0  0
2017-04-12 18:34:22.287926 /img/image.jpg GET [::1]:54301 HTTP/1.1 200 0  9
2017-04-12 18:40:30.380197 /index GET [ HTTP/1.1 200 0 0 0
2017-04-12 18:40:30.410874 /css/search-form.css GET [::1]:54443 HTTP/1.1 200 0  9
2017-04-12 18:40:30.697525 /img/image.jpg GET [::1]:54443 HTTP/1.1 200 0  10
2017-04-12 18:40:55.294968 /index GET [ HTTP/1.1 200 0 0 0
2017-04-12 18:40:55.311997 /css/search-form.css GET [::1]:54443 HTTP/1.1 200 0  2
2017-04-12 18:40:55.451704 /img/image.jpg GET [::1]:54443 HTTP/1.1 200 0  3
2017-04-12 18:41:04.403017 /index GET [ HTTP/1.1 200 0 0 1
2017-04-12 18:41:04.504807 /css/search-form.css GET [::1]:54443 HTTP/1.1 200 0  0
2017-04-12 18:41:04.607152 /img/image.jpg GET [::1]:54443 HTTP/1.1 200 0  3
