2017-04-17 18:25:09.729371 Dotweb:Router:RegisterRoute success [GET] [/index]
2017-04-17 18:25:09.729775 Dotweb:Router:RegisterRoute success [GET] [/dotweb/debug/pprof/:key]
2017-04-17 18:25:09.729855 Dotweb:Router:RegisterRoute success [GET] [/dotweb/debug/freemem]
2017-04-17 18:25:09.729942 Dotweb:Router:RegisterRoute success [GET] [/dotweb/state]
2017-04-17 18:25:09.730029 Dotweb:Router:RegisterRoute success [GET] [/dotweb/query/:key]
2017-04-17 18:25:09.730106 Dotweb:StartServer[:3000] begin
2017-04-17 18:25:52.535865 Dotweb:Router:RegisterRoute success [GET] [/index]
2017-04-17 18:25:52.536106 Dotweb:Router:RegisterRoute success [GET] [/dotweb/debug/pprof/:key]
2017-04-17 18:25:52.536172 Dotweb:Router:RegisterRoute success [GET] [/dotweb/debug/freemem]
2017-04-17 18:25:52.536254 Dotweb:Router:RegisterRoute success [GET] [/dotweb/state]
2017-04-17 18:25:52.536327 Dotweb:Router:RegisterRoute success [GET] [/dotweb/query/:key]
2017-04-17 18:25:52.536401 Dotweb:StartServer[:3000] begin
2017-04-17 18:27:58.4597 Dotweb:Router:RegisterRoute success [GET] [/index]
2017-04-17 18:27:58.459897 Dotweb:Router:RegisterRoute success [GET] [/dotweb/debug/pprof/:key]
2017-04-17 18:27:58.460129 Dotweb:Router:RegisterRoute success [GET] [/dotweb/debug/freemem]
2017-04-17 18:27:58.460223 Dotweb:Router:RegisterRoute success [GET] [/dotweb/state]
2017-04-17 18:27:58.461003 Dotweb:Router:RegisterRoute success [GET] [/dotweb/query/:key]
2017-04-17 18:27:58.461116 Dotweb:StartServer[:3000] begin
2017-04-17 18:28:26.656339 Dotweb:Router:RegisterRoute success [GET] [/index]
2017-04-17 18:28:26.65658 Dotweb:Router:RegisterRoute success [GET] [/dotweb/debug/pprof/:key]
2017-04-17 18:28:26.656667 Dotweb:Router:RegisterRoute success [GET] [/dotweb/debug/freemem]
2017-04-17 18:28:26.656744 Dotweb:Router:RegisterRoute success [GET] [/dotweb/state]
2017-04-17 18:28:26.656818 Dotweb:Router:RegisterRoute success [GET] [/dotweb/query/:key]
2017-04-17 18:28:26.656933 Dotweb:StartServer[:3000] begin
2017-04-17 18:29:48.027311 Dotweb:Router:RegisterRoute success [GET] [/index]
2017-04-17 18:29:48.034568 Dotweb:Router:RegisterRoute success [GET] [/dotweb/debug/pprof/:key]
2017-04-17 18:29:48.034668 Dotweb:Router:RegisterRoute success [GET] [/dotweb/debug/freemem]
2017-04-17 18:29:48.034818 Dotweb:Router:RegisterRoute success [GET] [/dotweb/state]
2017-04-17 18:29:48.034885 Dotweb:Router:RegisterRoute success [GET] [/dotweb/query/:key]
2017-04-17 18:29:48.034951 Dotweb:StartServer[:3000] begin
2017-04-17 18:37:56.131042 Dotweb:Router:RegisterRoute success [GET] [/index]
2017-04-17 18:37:56.13919 Dotweb:Router:RegisterRoute success [GET] [/dotweb/debug/pprof/:key]
2017-04-17 18:37:56.13927 Dotweb:Router:RegisterRoute success [GET] [/dotweb/debug/freemem]
2017-04-17 18:37:56.139382 Dotweb:Router:RegisterRoute success [GET] [/dotweb/state]
2017-04-17 18:37:56.139469 Dotweb:Router:RegisterRoute success [GET] [/dotweb/query/:key]
2017-04-17 18:37:56.139549 Dotweb:StartServer[:3000] begin
2017-04-17 18:38:54.161757 Dotweb:Router:RegisterRoute success [GET] [/index]
2017-04-17 18:38:54.164059 Dotweb:Router:RegisterRoute success [GET] [/dotweb/debug/pprof/:key]
2017-04-17 18:38:54.164166 Dotweb:Router:RegisterRoute success [GET] [/dotweb/debug/freemem]
2017-04-17 18:38:54.16427 Dotweb:Router:RegisterRoute success [GET] [/dotweb/state]
2017-04-17 18:38:54.164338 Dotweb:Router:RegisterRoute success [GET] [/dotweb/query/:key]
2017-04-17 18:38:54.164411 Dotweb:StartServer[:3000] begin
2017-04-17 18:40:11.368641 Dotweb:Router:RegisterRoute success [GET] [/index]
2017-04-17 18:40:44.781996 Dotweb:Router:RegisterRoute success [GET] [/index]
2017-04-17 18:41:00.425496 Dotweb:Router:RegisterRoute success [GET] [/index]
2017-04-17 18:41:36.920952 Dotweb:Router:RegisterRoute success [GET] [/index]
2017-04-17 18:41:45.766476 Dotweb:Router:RegisterRoute success [GET] [/index]
2017-04-17 18:42:08.509496 Dotweb:Router:RegisterRoute success [GET] [/index]
2017-04-17 18:42:16.121552 Dotweb:Router:RegisterRoute success [GET] [/index]
2017-04-17 18:42:16.127704 Dotweb:Router:RegisterRoute success [GET] [/dotweb/debug/pprof/:key]
2017-04-17 18:42:16.12782 Dotweb:Router:RegisterRoute success [GET] [/dotweb/debug/freemem]
2017-04-17 18:42:16.128177 Dotweb:Router:RegisterRoute success [GET] [/dotweb/state]
2017-04-17 18:42:16.128271 Dotweb:Router:RegisterRoute success [GET] [/dotweb/query/:key]
2017-04-17 18:42:16.12838 Dotweb:StartServer[:3000] begin
